make all --print-data-base --no-builtin-variables --no-builtin-rules --question
# GNU Make 3.81
# Copyright (C) 2006  Free Software Foundation, Inc.
# This is free software; see the source for copying conditions.
# There is NO warranty; not even for MERCHANTABILITY or FITNESS FOR A
# PARTICULAR PURPOSE.

# This program built for i386-apple-darwin11.3.0

# Make data base, printed on Thu Jun 16 20:25:46 2022

# Variables

# automatic
<D = $(patsubst %/,%,$(dir $<))
# automatic
?F = $(notdir $?)
# makefile (from `Makefile', line 20)
OBJ = obj
# makefile (from `Makefile', line 4)
x86_64_VM_SHELL := limactl shell gdb
# environment
VSCODE_LOG_NATIVE = false
# automatic
?D = $(patsubst %/,%,$(dir $?))
# automatic
@D = $(patsubst %/,%,$(dir $@))
# automatic
@F = $(notdir $@)
# makefile
CURDIR := /Users/martinsimango/projects/morabarabaOS
# makefile
SHELL = /bin/sh
# makefile (from `Makefile', line 21)
BIN = bin
# environment
VSCODE_NLS_CONFIG = {"locale":"en-gb","availableLanguages":{},"_languagePackSupport":true}
# environment
_ = /usr/bin/make
# makefile (from `Makefile', line 19)
KERNEL = src/kernel
# makefile (from `Makefile', line 1)
MAKEFILE_LIST :=  Makefile
# makefile (from `Makefile', line 38)
C_OBJECT_FILES := obj/fonts/font.o obj/fpu/fpu.o obj/graphics/screen.o obj/idt/idt.o obj/irq/irq.o obj/math/math.o obj/memory/heap.o obj/memory/kheap.o obj/memory/memory.o obj/sound/music.o obj/sound/sb16.o obj/sound/sound.o obj/string/string.o obj/timer/timer.o obj/tty/tty.o
# makefile (from `Makefile', line 9)
GCC := i686-unknown-linux-gnu-gcc 
# makefile (from `Makefile', line 112)
NPM := /usr/local/bin/npm
# environment
VSCODE_VERBOSE_LOGGING = true
# environment
__CFBundleIdentifier = com.microsoft.VSCode
# environment
INFOPATH = /opt/homebrew/share/info:
# makefile (from `Makefile', line 28)
ALL_SOURCE_FILES := src/kernel/fonts/font.c src/kernel/fpu/fpu.c src/kernel/graphics/screen.c src/kernel/idt/idt.c src/kernel/irq/irq.c src/kernel/math/math.c src/kernel/memory/heap.c src/kernel/memory/kheap.c src/kernel/memory/memory.c src/kernel/sound/music.c src/kernel/sound/sb16.c src/kernel/sound/sound.c src/kernel/string/string.c src/kernel/timer/timer.c src/kernel/tty/tty.c
# environment
VSCODE_IPC_HOOK_EXTHOST = /var/folders/cb/szvng6m95dq08_z37f7h6wnc0000gn/T/vscode-ipc-1cff8385-0425-4b3c-9745-89908d39bf51.sock
# environment
VSCODE_CWD = /
# makefile (from `Makefile', line 36)
INCLUDE_DIRS :=  -I src/kernel/  -I src/kernel/config/  -I src/kernel/fonts/  -I src/kernel/fpu/  -I src/kernel/graphics/  -I src/kernel/idt/  -I src/kernel/io/  -I src/kernel/irq/  -I src/kernel/math/  -I src/kernel/memory/  -I src/kernel/sound/  -I src/kernel/status/  -I src/kernel/string/  -I src/kernel/timer/  -I src/kernel/tty/  -I src/kernel/types/
# makefile (from `Makefile', line 30)
SOURCE_FILES_IN_MODULES :=  obj/fonts/font.o  obj/fpu/fpu.o  obj/graphics/screen.o  obj/idt/idt.o  obj/irq/irq.o  obj/math/math.o  obj/memory/heap.o  obj/memory/kheap.o  obj/memory/memory.o  obj/sound/music.o  obj/sound/sb16.o  obj/sound/sound.o  obj/string/string.o  obj/timer/timer.o  obj/tty/tty.o
# environment
PATH = /Users/martinsimango/.sdkman/candidates/java/current/bin:/Users/martinsimango/.kubectl-plugin-completion/:/Users/martinsimango/.krew/bin:/opt/homebrew/opt/openjdk/bin:/opt/homebrew/bin:/opt/homebrew/sbin:/usr/local/bin:/usr/bin:/bin:/usr/sbin:/sbin:/usr/local/go/bin:/Library/Apple/usr/bin:/bin:/Users/martinsimango/go/bin:/opt/homebrew/bin:/opt/homebrew/opt/x86_64-unknown-linux-gnu/bin:/opt/homebrew/opt/aarch64-unknown-linux-gnu/bin:/opt/homebrew/opt/i686-unknown-linux-gnu/bin:/opt/homebrew/opt/i686-unknown-linux-gnu/toolchain/bin
# makefile (from `Makefile', line 10)
LD := i686-unknown-linux-gnu-ld  
# environment
SDKMAN_DIR = /Users/martinsimango/.sdkman
# environment
SDKMAN_CANDIDATES_API = https://api.sdkman.io/2
# environment
GOPATH = /Users/martinsimango/go
# makefile (from `Makefile', line 34)
MODULES_OBJECT_DIR :=  obj/  obj/config/  obj/fonts/  obj/fpu/  obj/graphics/  obj/idt/  obj/io/  obj/irq/  obj/math/  obj/memory/  obj/sound/  obj/status/  obj/string/  obj/timer/  obj/tty/  obj/types/
# environment
SDKMAN_PLATFORM = darwinx64
# environment
VSCODE_LOG_STACK = false
# environment
ELECTRON_RUN_AS_NODE = 1
# default
.FEATURES := target-specific order-only second-expansion else-if archives jobserver check-symlink
# makefile (from `Makefile', line 33)
MODULES := src/kernel/ src/kernel/config/ src/kernel/fonts/ src/kernel/fpu/ src/kernel/graphics/ src/kernel/idt/ src/kernel/io/ src/kernel/irq/ src/kernel/math/ src/kernel/memory/ src/kernel/sound/ src/kernel/status/ src/kernel/string/ src/kernel/timer/ src/kernel/tty/ src/kernel/types/
# environment
SSH_AUTH_SOCK = /private/tmp/com.apple.launchd.jG42EmfGXD/Listeners
# automatic
%F = $(notdir $%)
# environment
GOBIN = /Users/martinsimango/go/bin
# makefile (from `Makefile', line 113)
CLANG_FORMAT := /usr/local/bin/clang-format
# makefile (from `Makefile', line 22)
IMAGE = kernel.iso
# environment
VSCODE_PIPE_LOGGING = true
# environment
PWD = /Users/martinsimango/projects/morabarabaOS
# environment
HOMEBREW_CELLAR = /opt/homebrew/Cellar
# environment
ORIGINAL_XDG_CURRENT_DESKTOP = undefined
# environment
MANPATH = /opt/homebrew/share/man::
# environment
VSCODE_AMD_ENTRYPOINT = vs/workbench/api/node/extensionHostProcess
# environment
HOME = /Users/martinsimango
# makefile (from `Makefile', line 27)
ALL_HEADER_FILES := src/kernel/config/config.h src/kernel/fonts/SFMonoBold.h src/kernel/fonts/SFMonoRegular_25.h src/kernel/fonts/font.h src/kernel/fpu/fpu.h src/kernel/graphics/colours.h src/kernel/graphics/screen.h src/kernel/graphics/vbe.h src/kernel/idt/idt.h src/kernel/io/io.h src/kernel/irq/irq.h src/kernel/math/math.h src/kernel/memory/heap.h src/kernel/memory/kheap.h src/kernel/memory/memory.h src/kernel/sound/music.h src/kernel/sound/sb16.h src/kernel/sound/sound.h src/kernel/status/status.h src/kernel/string/string.h src/kernel/timer/timer.h src/kernel/tty/tty.h src/kernel/types/types.h
# default
MAKEFILEPATH = $(shell /usr/bin/xcode-select -print-path 2>/dev/null || echo /Developer)/Makefiles
# environment
VSCODE_CODE_CACHE_PATH = /Users/martinsimango/Library/Application Support/Code/CachedData/4af164ea3a06f701fe3e89a2bcbb421d2026b68f
# environment
LOGNAME = martinsimango
# environment
APPLICATION_INSIGHTS_NO_DIAGNOSTIC_CHANNEL = 1
# environment
VSCODE_HANDLES_UNCAUGHT_ERRORS = true
# automatic
^D = $(patsubst %/,%,$(dir $^))
# environment
XPC_FLAGS = 0x0
# environment
SDKMAN_VERSION = 5.13.1
# default
MAKE = $(MAKE_COMMAND)
# default
MAKECMDGOALS := all
# environment
SHLVL = 1
# environment
JAVA_HOME = /Users/martinsimango/.sdkman/candidates/java/current
# default
MAKE_VERSION := 3.81
# environment
USER = martinsimango
# makefile
.DEFAULT_GOAL := obj/
# makefile (from `Makefile', line 24)
START_DEBUG := qemu-system-i386 -hda kernel.iso  -S -s 
# automatic
%D = $(patsubst %/,%,$(dir $%))
# makefile (from `Makefile', line 40)
ASM_OBJECT_FILES := obj/kernel.asm.o obj/idt.asm.o obj/io.asm.o 
# default
MAKE_COMMAND := /Library/Developer/CommandLineTools/usr/bin/make
# default
.VARIABLES := 
# environment
TMPDIR = /var/folders/cb/szvng6m95dq08_z37f7h6wnc0000gn/T/
# automatic
*F = $(notdir $*)
# environment
VSCODE_IPC_HOOK = /Users/martinsimango/Library/Application Support/Code/1.68.0-main.sock
# makefile
MAKEFLAGS = Rrqp
# environment
MFLAGS = -Rrqp
# automatic
*D = $(patsubst %/,%,$(dir $*))
# environment
XPC_SERVICE_NAME = application.com.microsoft.VSCode.32123924.32123930
# environment
HOMEBREW_PREFIX = /opt/homebrew
# automatic
+D = $(patsubst %/,%,$(dir $+))
# automatic
+F = $(notdir $+)
# environment
HOMEBREW_REPOSITORY = /opt/homebrew
# environment
__CF_USER_TEXT_ENCODING = 0x1F5:0x0:0x0
# environment
COMMAND_MODE = unix2003
# default
MAKEFILES := 
# automatic
<F = $(notdir $<)
# environment
SDKMAN_CANDIDATES_DIR = /Users/martinsimango/.sdkman/candidates
# makefile (from `Makefile', line 3)
x86_64_VM_NAME := gdb
# environment
LC_ALL = C
# makefile (from `Makefile', line 18)
BOOTLOADER = src/bootloader
# makefile (from `Makefile', line 12)
GDB := limactl shell gdb gdb
# automatic
^F = $(notdir $^)
# makefile (from `Makefile', line 11)
OBJCOPY := limactl shell gdb i686-elf-objcopy
 
# makefile (from `Makefile', line 42)
ALL_OBJECT_FILES := obj/kernel.asm.o obj/idt.asm.o obj/io.asm.o  obj/fonts/font.o obj/fpu/fpu.o obj/graphics/screen.o obj/idt/idt.o obj/irq/irq.o obj/math/math.o obj/memory/heap.o obj/memory/kheap.o obj/memory/memory.o obj/sound/music.o obj/sound/sb16.o obj/sound/sound.o obj/string/string.o obj/timer/timer.o obj/tty/tty.o obj/kernel.o 
# default
SUFFIXES := 
# makefile (from `Makefile', line 23)
FLAGS = -g -ffreestanding -falign-jumps -falign-functions -falign-labels -falign-loops -fstrength-reduce -fomit-frame-pointer -finline-functions -Wno-unsused-function -fno-builtin -Werror -Wno-unused-label -Wno-cpp -O0 -Wno-unused-parameter -nostdlib -nostartfiles -nodefaultlibs -Wall -Iinc -std=gnu99  -Wno-unused-variable -Wno-unsused-function 
# default
.INCLUDE_DIRS = /usr/local/include
# environment
MAKELEVEL := 0
# environment
LANG = C
# environment
VSCODE_PID = 80598
# variable set hash-table stats:
# Load=99/1024=10%, Rehash=0, Collisions=16/155=10%

# Pattern-specific Variable Values

# No pattern-specific variable values.

# Directories

# src/kernel/irq (device 16777230, inode 31553906): 4 files, no impossibilities.
# src/kernel/types (device 16777230, inode 31148687): 3 files, no impossibilities.
# . (device 16777230, inode 11801364): 20 files, no impossibilities.
# src/kernel/link.ld (device 16777230, inode 31083492): could not be opened.
# src/kernel/graphics (device 16777230, inode 31144468): 6 files, no impossibilities.
# src/kernel/status (device 16777230, inode 31591572): 3 files, no impossibilities.
# src/kernel/idt (device 16777230, inode 31144525): 5 files, no impossibilities.
# src/kernel/math (device 16777230, inode 32133208): 4 files, no impossibilities.
# src/kernel (device 16777230, inode 12801985): 20 files, no impossibilities.
# src/kernel/io (device 16777230, inode 31145843): 4 files, no impossibilities.
# src/kernel/kernel.asm (device 16777230, inode 32226868): could not be opened.
# src/kernel/kernel.c (device 16777230, inode 32226869): could not be opened.
# src/kernel/timer (device 16777230, inode 31553909): 4 files, no impossibilities.
# src/kernel/fpu (device 16777230, inode 32133994): 4 files, no impossibilities.
# src/kernel/sound (device 16777230, inode 31932895): 8 files, no impossibilities.
# src/kernel/config (device 16777230, inode 31688774): 3 files, no impossibilities.
# src/kernel/tty (device 16777230, inode 31144335): 4 files, no impossibilities.
# src/kernel/fonts (device 16777230, inode 31726750): 6 files, no impossibilities.
# src/kernel/memory (device 16777230, inode 31143513): 8 files, no impossibilities.
# src/kernel/string (device 16777230, inode 31147668): 4 files, no impossibilities.

# 110 files, no impossibilities in 20 directories.

# Implicit Rules

# No implicit rules.

# Files

obj/timer/:
#  Implicit rule search has not been done.
#  Modification time never checked.
#  File has not been updated.
#  commands to execute (from `Makefile', line 45):
	mkdir -p $@
	

obj/fpu/:
#  Implicit rule search has not been done.
#  Modification time never checked.
#  File has not been updated.
#  commands to execute (from `Makefile', line 45):
	mkdir -p $@
	

view:
#  Implicit rule search has not been done.
#  Modification time never checked.
#  File has not been updated.
#  commands to execute (from `Makefile', line 90):
	xxd $(IMAGE)
	

obj/tty/:
#  Implicit rule search has not been done.
#  Modification time never checked.
#  File has not been updated.
#  commands to execute (from `Makefile', line 45):
	mkdir -p $@
	

obj/sound/:
#  Implicit rule search has not been done.
#  Modification time never checked.
#  File has not been updated.
#  commands to execute (from `Makefile', line 45):
	mkdir -p $@
	

obj/fonts/:
#  Implicit rule search has not been done.
#  Modification time never checked.
#  File has not been updated.
#  commands to execute (from `Makefile', line 45):
	mkdir -p $@
	

# Not a target:
src/kernel/fpu/fpu.c:
#  Implicit rule search has not been done.
#  Modification time never checked.
#  File has not been updated.

obj/memory/kheap.o: src/kernel/memory/kheap.c
#  Implicit rule search has not been done.
#  Implicit/static pattern stem: `memory/kheap'
#  Modification time never checked.
#  File has not been updated.
#  commands to execute (from `Makefile', line 48):
	$(GCC) $(FLAGS) -o $@ -c $< $(INCLUDE_DIRS)
	

# Not a target:
src/kernel/tty/tty.c:
#  Implicit rule search has not been done.
#  Modification time never checked.
#  File has not been updated.

# Not a target:
src/kernel/sound/sound.c:
#  Implicit rule search has not been done.
#  Modification time never checked.
#  File has not been updated.

obj/graphics/screen.o: src/kernel/graphics/screen.c
#  Implicit rule search has not been done.
#  Implicit/static pattern stem: `graphics/screen'
#  Modification time never checked.
#  File has not been updated.
#  commands to execute (from `Makefile', line 48):
	$(GCC) $(FLAGS) -o $@ -c $< $(INCLUDE_DIRS)
	

start-vm:
#  Implicit rule search has not been done.
#  Modification time never checked.
#  File has not been updated.
#  commands to execute (from `Makefile', line 103):
	limactl start $(x86_64_VM_NAME)
	

# Not a target:
src/kernel/memory/kheap.c:
#  Implicit rule search has not been done.
#  Modification time never checked.
#  File has not been updated.

all: clean build run
#  Command-line target.
#  Implicit rule search has been done.
#  File does not exist.
#  File has been updated.
#  Needs to be updated (-q is set).
# variable set hash-table stats:
# Load=0/32=0%, Rehash=0, Collisions=0/2=0%

obj/sound/sb16.o: src/kernel/sound/sb16.c
#  Implicit rule search has not been done.
#  Implicit/static pattern stem: `sound/sb16'
#  Modification time never checked.
#  File has not been updated.
#  commands to execute (from `Makefile', line 48):
	$(GCC) $(FLAGS) -o $@ -c $< $(INCLUDE_DIRS)
	

obj/idt/:
#  Implicit rule search has not been done.
#  Modification time never checked.
#  File has not been updated.
#  commands to execute (from `Makefile', line 45):
	mkdir -p $@
	

# Not a target:
src/kernel/fonts/font.c:
#  Implicit rule search has not been done.
#  Modification time never checked.
#  File has not been updated.

obj/math/:
#  Implicit rule search has not been done.
#  Modification time never checked.
#  File has not been updated.
#  commands to execute (from `Makefile', line 45):
	mkdir -p $@
	

obj/memory/memory.o: src/kernel/memory/memory.c
#  Implicit rule search has not been done.
#  Implicit/static pattern stem: `memory/memory'
#  Modification time never checked.
#  File has not been updated.
#  commands to execute (from `Makefile', line 48):
	$(GCC) $(FLAGS) -o $@ -c $< $(INCLUDE_DIRS)
	

# Not a target:
src/kernel/irq/irq.c:
#  Implicit rule search has not been done.
#  Modification time never checked.
#  File has not been updated.

# Not a target:
.SUFFIXES:
#  Implicit rule search has not been done.
#  Modification time never checked.
#  File has not been updated.

format: check-tools
#  Implicit rule search has not been done.
#  Modification time never checked.
#  File has not been updated.
#  commands to execute (from `Makefile', line 117):
	clang-format -style=file -i $(ALL_SOURCE_FILES) $(ALL_HEADER_FILES)
	

obj/string/string.o: src/kernel/string/string.c
#  Implicit rule search has not been done.
#  Implicit/static pattern stem: `string/string'
#  Modification time never checked.
#  File has not been updated.
#  commands to execute (from `Makefile', line 48):
	$(GCC) $(FLAGS) -o $@ -c $< $(INCLUDE_DIRS)
	

# Not a target:
Makefile:
#  Implicit rule search has been done.
#  Last modified 2022-06-16 15:10:00
#  File has been updated.
#  Successfully updated.
# variable set hash-table stats:
# Load=0/32=0%, Rehash=0, Collisions=0/0=0%

/usr/local/bin/npm:
#  Implicit rule search has not been done.
#  Modification time never checked.
#  File has not been updated.
#  commands to execute (from `Makefile', line 120):
	@echo "You need to install npm first"
	

debug: clean build iso
#  Implicit rule search has not been done.
#  Modification time never checked.
#  File has not been updated.
 
#  commands to execute (from `Makefile', line 96):
	$(START_DEBUG) &
	$(GDB) --iex 'target remote 192.168.5.2:1234'
	

obj/memory/:
#  Implicit rule search has not been done.
#  Modification time never checked.
#  File has not been updated.
#  commands to execute (from `Makefile', line 45):
	mkdir -p $@
	

build: build-bootloader build-kernel iso
#  Implicit rule search has not been done.
#  Modification time never checked.
#  File has not been updated.

# Not a target:
src/kernel/idt/idt.c:
#  Implicit rule search has not been done.
#  Modification time never checked.
#  File has not been updated.

# Not a target:
src/kernel/timer/timer.c:
#  Implicit rule search has not been done.
#  Modification time never checked.
#  File has not been updated.

# Not a target:
src/kernel/math/math.c:
#  Implicit rule search has not been done.
#  Modification time never checked.
#  File has not been updated.

check-tools: /usr/local/bin/clang-format
#  Implicit rule search has not been done.
#  Modification time never checked.
#  File has not been updated.

disassemble-kernel-object:
#  Implicit rule search has not been done.
#  Modification time never checked.
#  File has not been updated.
#  commands to execute (from `Makefile', line 136):
	objdump -D $(OBJ)/fullkernel.o
	

obj/:
#  Implicit rule search has not been done.
#  Modification time never checked.
#  File has not been updated.
#  commands to execute (from `Makefile', line 45):
	mkdir -p $@
	

/usr/local/bin/clang-format: /usr/local/bin/npm
#  Implicit rule search has not been done.
#  Modification time never checked.
#  File has not been updated.
#  commands to execute (from `Makefile', line 123):
	sudo npm install -g clang-format
	

build-bootloader:
#  Implicit rule search has not been done.
#  Modification time never checked.
#  File has not been updated.
#  commands to execute (from `Makefile', line 52):
	nasm $(BOOTLOADER)/stage_1/main.asm -f bin -o $(BIN)/boot.bin # 1st stage bootloader
	nasm $(BOOTLOADER)/stage_2/loadkernel.asm -f bin -o $(BIN)/loadkernel.bin # 2nd stage bootloader that loads kernel into RAM
	

build-kernel: obj/ obj/config/ obj/fonts/ obj/fpu/ obj/graphics/ obj/idt/ obj/io/ obj/irq/ obj/math/ obj/memory/ obj/sound/ obj/status/ obj/string/ obj/timer/ obj/tty/ obj/types/ obj/fonts/font.o obj/fpu/fpu.o obj/graphics/screen.o obj/idt/idt.o obj/irq/irq.o obj/math/math.o obj/memory/heap.o obj/memory/kheap.o obj/memory/memory.o obj/sound/music.o obj/sound/sb16.o obj/sound/sound.o obj/string/string.o obj/timer/timer.o obj/tty/tty.o
#  Implicit rule search has not been done.
#  Modification time never checked.
#  File has not been updated.
#  commands to execute (from `Makefile', line 58):
	nasm $(KERNEL)/kernel.asm -g -f elf -o $(OBJ)/kernel.asm.o 
	nasm $(KERNEL)/idt/idt.asm -g -f elf -o $(OBJ)/idt.asm.o
	nasm $(KERNEL)/io/io.asm -g -f elf -o $(OBJ)/io.asm.o
	# nasm $(KERNEL)/grahpics/vbe.asm -g -f elf -o $(OBJ)/vbe.asm.o
	$(GCC) $(FLAGS) -o $(OBJ)/kernel.o -c $(KERNEL)/kernel.c $(INCLUDE_DIRS)
	$(LD) -g -relocatable -o $(OBJ)/fullkernel.o $(ALL_OBJECT_FILES) 
	$(GCC) -T $(KERNEL)/link.ld $(FLAGS) $(OBJ)/fullkernel.o -o $(BIN)/os.bin 
	

disassemble-kernel-bin:
#  Implicit rule search has not been done.
#  Modification time never checked.
#  File has not been updated.
#  commands to execute (from `Makefile', line 132):
	$(x86_64_VM_SHELL) objdump -b binary -D -Mintel -mi386 bin/kernel.bin
	

# Not a target:
.DEFAULT:
#  Implicit rule search has not been done.
#  Modification time never checked.
#  File has not been updated.

# Not a target:
src/kernel/sound/sb16.c:
#  Implicit rule search has not been done.
#  Modification time never checked.
#  File has not been updated.

obj/irq/:
#  Implicit rule search has not been done.
#  Modification time never checked.
#  File has not been updated.
#  commands to execute (from `Makefile', line 45):
	mkdir -p $@
	

obj/fpu/fpu.o: src/kernel/fpu/fpu.c
#  Implicit rule search has not been done.
#  Implicit/static pattern stem: `fpu/fpu'
#  Modification time never checked.
#  File has not been updated.
#  commands to execute (from `Makefile', line 48):
	$(GCC) $(FLAGS) -o $@ -c $< $(INCLUDE_DIRS)
	

obj/types/:
#  Implicit rule search has not been done.
#  Modification time never checked.
#  File has not been updated.
#  commands to execute (from `Makefile', line 45):
	mkdir -p $@
	

obj/tty/tty.o: src/kernel/tty/tty.c
#  Implicit rule search has not been done.
#  Implicit/static pattern stem: `tty/tty'
#  Modification time never checked.
#  File has not been updated.
#  commands to execute (from `Makefile', line 48):
	$(GCC) $(FLAGS) -o $@ -c $< $(INCLUDE_DIRS)
	

obj/sound/sound.o: src/kernel/sound/sound.c
#  Implicit rule search has not been done.
#  Implicit/static pattern stem: `sound/sound'
#  Modification time never checked.
#  File has not been updated.
#  commands to execute (from `Makefile', line 48):
	$(GCC) $(FLAGS) -o $@ -c $< $(INCLUDE_DIRS)
	

obj/graphics/:
#  Implicit rule search has not been done.
#  Modification time never checked.
#  File has not been updated.
#  commands to execute (from `Makefile', line 45):
	mkdir -p $@
	

run:
#  Implicit rule search has not been done.
#  Modification time never checked.
#  File has not been updated.
#  commands to execute (from `Makefile', line 80):
	qemu-system-i386 -hda $(IMAGE) -device sb16 #-d cpu_reset -monitor stdio -audiodev coreaudio,id=coreaudio,out.frequency=48000,out.channels=2,out.format=s32
	

obj/memory/heap.o: src/kernel/memory/heap.c
#  Implicit rule search has not been done.
#  Implicit/static pattern stem: `memory/heap'
#  Modification time never checked.
#  File has not been updated.
#  commands to execute (from `Makefile', line 48):
	$(GCC) $(FLAGS) -o $@ -c $< $(INCLUDE_DIRS)
	

clean:
#  Implicit rule search has not been done.
#  Implicit/static pattern stem: `'
#  File does not exist.
#  File has been updated.
#  Needs to be updated (-q is set).
# automatic
# @ := clean
# automatic
# % := 
# automatic
# * := 
# automatic
# + := 
# automatic
# | := 
# automatic
# < := 
# automatic
# ^ := 
# automatic
# ? := 
# variable set hash-table stats:
# Load=8/32=25%, Rehash=0, Collisions=1/10=10%
#  commands to execute (from `Makefile', line 85):
	rm -rf bin/*
	rm -rf obj/*
	rm -f *.iso
	

# Not a target:
src/kernel/string/string.c:
#  Implicit rule search has not been done.
#  Modification time never checked.
#  File has not been updated.

obj/sound/music.o: src/kernel/sound/music.c
#  Implicit rule search has not been done.
#  Implicit/static pattern stem: `sound/music'
#  Modification time never checked.
#  File has not been updated.
#  commands to execute (from `Makefile', line 48):
	$(GCC) $(FLAGS) -o $@ -c $< $(INCLUDE_DIRS)
	

obj/fonts/font.o: src/kernel/fonts/font.c
#  Implicit rule search has not been done.
#  Implicit/static pattern stem: `fonts/font'
#  Modification time never checked.
#  File has not been updated.
#  commands to execute (from `Makefile', line 48):
	$(GCC) $(FLAGS) -o $@ -c $< $(INCLUDE_DIRS)
	

obj/irq/irq.o: src/kernel/irq/irq.c
#  Implicit rule search has not been done.
#  Implicit/static pattern stem: `irq/irq'
#  Modification time never checked.
#  File has not been updated.
#  commands to execute (from `Makefile', line 48):
	$(GCC) $(FLAGS) -o $@ -c $< $(INCLUDE_DIRS)
	

stop-vm:
#  Implicit rule search has not been done.
#  Modification time never checked.
#  File has not been updated.
#  commands to execute (from `Makefile', line 106):
	limactl stop $(x86_64_VM_NAME)
	

obj/config/:
#  Implicit rule search has not been done.
#  Modification time never checked.
#  File has not been updated.
#  commands to execute (from `Makefile', line 45):
	mkdir -p $@
	

# Not a target:
src/kernel/sound/music.c:
#  Implicit rule search has not been done.
#  Modification time never checked.
#  File has not been updated.

debug-start:
#  Implicit rule search has not been done.
#  Modification time never checked.
#  File has not been updated.
#  commands to execute (from `Makefile', line 100):
	$(START_DEBUG)
	

# Not a target:
src/kernel/memory/memory.c:
#  Implicit rule search has not been done.
#  Modification time never checked.
 
#  File has not been updated.

# Not a target:
src/kernel/graphics/screen.c:
#  Implicit rule search has not been done.
#  Modification time never checked.
#  File has not been updated.

obj/status/:
#  Implicit rule search has not been done.
#  Modification time never checked.
#  File has not been updated.
#  commands to execute (from `Makefile', line 45):
	mkdir -p $@
	

iso:
#  Implicit rule search has not been done.
#  Modification time never checked.
#  File has not been updated.
#  commands to execute (from `Makefile', line 74):
	dd if=$(BIN)/boot.bin  >> $(IMAGE) 
	dd if=$(BIN)/loadkernel.bin  >> $(IMAGE) 
	dd if=$(BIN)/os.bin >> $(IMAGE) 
	dd if=/dev/zero bs=512 count=600 >> $(IMAGE)
	

obj/idt/idt.o: src/kernel/idt/idt.c
#  Implicit rule search has not been done.
#  Implicit/static pattern stem: `idt/idt'
#  Modification time never checked.
#  File has not been updated.
#  commands to execute (from `Makefile', line 48):
	$(GCC) $(FLAGS) -o $@ -c $< $(INCLUDE_DIRS)
	

obj/io/:
#  Implicit rule search has not been done.
#  Modification time never checked.
#  File has not been updated.
#  commands to execute (from `Makefile', line 45):
	mkdir -p $@
	

gen-clang-config:
#  Implicit rule search has not been done.
#  Modification time never checked.
#  File has not been updated.
#  commands to execute (from `Makefile', line 128):
	clang-format -style=llvm -dump-config > .clang-format.template.yaml
	

obj/string/:
#  Implicit rule search has not been done.
#  Modification time never checked.
#  File has not been updated.
#  commands to execute (from `Makefile', line 45):
	mkdir -p $@
	

# Not a target:
src/kernel/memory/heap.c:
#  Implicit rule search has not been done.
#  Modification time never checked.
#  File has not been updated.

obj/timer/timer.o: src/kernel/timer/timer.c
#  Implicit rule search has not been done.
#  Implicit/static pattern stem: `timer/timer'
#  Modification time never checked.
#  File has not been updated.
#  commands to execute (from `Makefile', line 48):
	$(GCC) $(FLAGS) -o $@ -c $< $(INCLUDE_DIRS)
	

obj/math/math.o: src/kernel/math/math.c
#  Implicit rule search has not been done.
#  Implicit/static pattern stem: `math/math'
#  Modification time never checked.
#  File has not been updated.
#  commands to execute (from `Makefile', line 48):
	$(GCC) $(FLAGS) -o $@ -c $< $(INCLUDE_DIRS)
	

# files hash-table stats:
# Load=68/1024=7%, Rehash=0, Collisions=19/140=14%
# VPATH Search Paths

# No `vpath' search paths.

# No general (`VPATH' variable) search path.

# # of strings in strcache: 1
# # of strcache buffers: 1
# strcache size: total = 4096 / max = 4096 / min = 4096 / avg = 4096
# strcache free: total = 4087 / max = 4087 / min = 4087 / avg = 4087

# Finished Make data base on Thu Jun 16 20:25:46 2022

 
